GROUP,PACKAGE,CLASS,INSTRUCTION_MISSED,INSTRUCTION_COVERED,BRANCH_MISSED,BRANCH_COVERED,LINE_MISSED,LINE_COVERED,COMPLEXITY_MISSED,COMPLEXITY_COVERED,METHOD_MISSED,METHOD_COVERED
JaCoCo Coverage Report,org.apache.commons.lang.enums,EnumUtils,22,0,0,0,7,0,6,0,6,0
JaCoCo Coverage Report,org.apache.commons.lang.enums,Enum.Entry,24,0,0,0,6,0,1,0,1,0
JaCoCo Coverage Report,org.apache.commons.lang.enums,ValuedEnum,76,0,8,0,18,0,9,0,5,0
JaCoCo Coverage Report,org.apache.commons.lang.enums,Enum,375,0,54,0,95,0,44,0,17,0
JaCoCo Coverage Report,org.apache.commons.lang.builder,ToStringStyle.NoFieldNameToStringStyle,8,0,0,0,4,0,2,0,2,0
JaCoCo Coverage Report,org.apache.commons.lang.builder,ToStringBuilder,587,0,12,0,131,0,69,0,63,0
JaCoCo Coverage Report,org.apache.commons.lang.builder,StandardToStringStyle,150,0,0,0,65,0,43,0,43,0
JaCoCo Coverage Report,org.apache.commons.lang.builder,ReflectionToStringBuilder.new ThreadLocal() {...},7,0,0,0,2,0,2,0,2,0
JaCoCo Coverage Report,org.apache.commons.lang.builder,EqualsBuilder,914,0,218,0,230,0,138,0,29,0
JaCoCo Coverage Report,org.apache.commons.lang.builder,ToStringStyle.MultiLineToStringStyle,31,0,0,0,7,0,2,0,2,0
JaCoCo Coverage Report,org.apache.commons.lang.builder,HashCodeBuilder,646,0,86,0,131,0,73,0,30,0
JaCoCo Coverage Report,org.apache.commons.lang.builder,ToStringStyle.DefaultToStringStyle,2,0,0,0,1,0,1,0,1,0
JaCoCo Coverage Report,org.apache.commons.lang.builder,ToStringStyle,1667,0,204,0,460,0,212,0,110,0
JaCoCo Coverage Report,org.apache.commons.lang.builder,ToStringStyle.SimpleToStringStyle,20,0,0,0,8,0,2,0,2,0
JaCoCo Coverage Report,org.apache.commons.lang.builder,ReflectionToStringBuilder,451,0,40,0,110,0,56,0,36,0
JaCoCo Coverage Report,org.apache.commons.lang.builder,ToStringStyle.ShortPrefixToStringStyle,11,0,0,0,5,0,2,0,2,0
JaCoCo Coverage Report,org.apache.commons.lang.builder,CompareToBuilder,1036,0,242,0,253,0,150,0,29,0
JaCoCo Coverage Report,org.apache.commons.lang.math,DoubleRange,455,0,70,0,102,0,56,0,21,0
JaCoCo Coverage Report,org.apache.commons.lang.math,LongRange,404,0,56,0,91,0,49,0,21,0
JaCoCo Coverage Report,org.apache.commons.lang.math,JVMRandom,73,0,8,0,20,0,15,0,11,0
JaCoCo Coverage Report,org.apache.commons.lang.math,NumberRange,297,0,56,0,67,0,36,0,8,0
JaCoCo Coverage Report,org.apache.commons.lang.math,Fraction,1267,0,180,0,274,0,125,0,35,0
JaCoCo Coverage Report,org.apache.commons.lang.math,IntRange,386,0,56,0,91,0,49,0,21,0
JaCoCo Coverage Report,org.apache.commons.lang.math,FloatRange,439,0,70,0,100,0,56,0,21,0
JaCoCo Coverage Report,org.apache.commons.lang.math,NumberUtils,1416,0,332,0,357,0,213,0,46,0
JaCoCo Coverage Report,org.apache.commons.lang.math,Range,265,0,48,0,58,0,46,0,22,0
JaCoCo Coverage Report,org.apache.commons.lang.math,RandomUtils,46,0,0,0,14,0,14,0,14,0
JaCoCo Coverage Report,org.apache.commons.lang.exception,NestableRuntimeException,131,0,6,0,35,0,20,0,17,0
JaCoCo Coverage Report,org.apache.commons.lang.exception,NestableError,131,0,6,0,35,0,20,0,17,0
JaCoCo Coverage Report,org.apache.commons.lang.exception,NestableDelegate,419,0,56,0,103,0,42,0,14,0
JaCoCo Coverage Report,org.apache.commons.lang.exception,NestableException,131,0,6,0,35,0,20,0,17,0
JaCoCo Coverage Report,org.apache.commons.lang.exception,ExceptionUtils,890,0,140,0,241,0,106,0,36,0
JaCoCo Coverage Report,org.apache.commons.lang.oldenum,Enum,375,0,54,0,95,0,44,0,17,0
JaCoCo Coverage Report,org.apache.commons.lang.oldenum,Enum.Entry,24,0,0,0,6,0,1,0,1,0
JaCoCo Coverage Report,org.apache.commons.lang.oldenum,EnumUtils,22,0,0,0,7,0,6,0,6,0
JaCoCo Coverage Report,org.apache.commons.lang.oldenum,ValuedEnum,76,0,8,0,18,0,9,0,5,0
JaCoCo Coverage Report,org.apache.commons.lang.time,FastDateFormat.TwoDigitYearField,38,0,0,0,9,0,5,0,5,0
JaCoCo Coverage Report,org.apache.commons.lang.time,DateFormatUtils,125,0,0,0,33,0,14,0,14,0
JaCoCo Coverage Report,org.apache.commons.lang.time,FastDateFormat.Pair,87,0,20,0,16,0,14,0,4,0
JaCoCo Coverage Report,org.apache.commons.lang.time,FastDateFormat.UnpaddedMonthField,49,0,2,0,11,0,6,0,5,0
JaCoCo Coverage Report,org.apache.commons.lang.time,FastDateFormat.TwoDigitMonthField,38,0,0,0,9,0,5,0,5,0
JaCoCo Coverage Report,org.apache.commons.lang.time,FastDateFormat,1136,0,152,0,264,0,128,0,42,0
JaCoCo Coverage Report,org.apache.commons.lang.time,FastDateFormat.TwelveHourField,34,0,2,0,11,0,5,0,4,0
JaCoCo Coverage Report,org.apache.commons.lang.time,FastDateFormat.CharacterLiteral,14,0,0,0,6,0,3,0,3,0
JaCoCo Coverage Report,org.apache.commons.lang.time,FastDateFormat.TimeZoneNameRule,111,0,16,0,25,0,11,0,3,0
JaCoCo Coverage Report,org.apache.commons.lang.time,FastDateFormat.TimeZoneNumberRule,97,0,4,0,20,0,6,0,4,0
JaCoCo Coverage Report,org.apache.commons.lang.time,DateUtils.DateIterator,0,43,0,2,0,11,0,5,0,4
JaCoCo Coverage Report,org.apache.commons.lang.time,FastDateFormat.TimeZoneDisplayKey,61,0,12,0,16,0,9,0,3,0
JaCoCo Coverage Report,org.apache.commons.lang.time,FastDateFormat.StringLiteral,16,0,0,0,6,0,3,0,3,0
JaCoCo Coverage Report,org.apache.commons.lang.time,FastDateFormat.UnpaddedNumberField,61,0,4,0,14,0,7,0,5,0
JaCoCo Coverage Report,org.apache.commons.lang.time,FastDateFormat.PaddedNumberField,98,0,12,0,22,0,10,0,4,0
JaCoCo Coverage Report,org.apache.commons.lang.time,DurationFormatUtils.Token,117,0,16,0,31,0,17,0,9,0
JaCoCo Coverage Report,org.apache.commons.lang.time,DateUtils,45,958,5,168,10,196,11,105,6,21
JaCoCo Coverage Report,org.apache.commons.lang.time,FastDateFormat.TextField,43,0,4,0,13,0,5,0,3,0
JaCoCo Coverage Report,org.apache.commons.lang.time,DurationFormatUtils,905,0,119,0,221,0,76,0,13,0
JaCoCo Coverage Report,org.apache.commons.lang.time,FastDateFormat.TwentyFourHourField,34,0,2,0,11,0,5,0,4,0
JaCoCo Coverage Report,org.apache.commons.lang.time,FastDateFormat.TwoDigitNumberField,44,0,2,0,11,0,5,0,4,0
JaCoCo Coverage Report,org.apache.commons.lang.time,StopWatch,204,0,26,0,57,0,25,0,12,0
JaCoCo Coverage Report,org.apache.commons.lang.text,VariableFormatter,383,0,36,0,89,0,44,0,25,0
JaCoCo Coverage Report,org.apache.commons.lang.text,StrMatcher.NoMatcher,5,0,0,0,3,0,2,0,2,0
JaCoCo Coverage Report,org.apache.commons.lang.text,StrMatcher.CharSetMatcher,22,0,2,0,5,0,3,0,2,0
JaCoCo Coverage Report,org.apache.commons.lang.text,StrMatcher,131,0,16,0,34,0,23,0,15,0
JaCoCo Coverage Report,org.apache.commons.lang.text,StrBuilder,2845,0,436,0,600,0,328,0,110,0
JaCoCo Coverage Report,org.apache.commons.lang.text,StrMatcher.CharMatcher,16,0,2,0,4,0,3,0,2,0
JaCoCo Coverage Report,org.apache.commons.lang.text,CompositeFormat,34,0,0,0,9,0,6,0,6,0
JaCoCo Coverage Report,org.apache.commons.lang.text,StrMatcher.TrimMatcher,12,0,2,0,3,0,3,0,2,0
JaCoCo Coverage Report,org.apache.commons.lang.text,StrBuilder.StrBuilderReader,148,0,24,0,30,0,21,0,9,0
JaCoCo Coverage Report,org.apache.commons.lang.text,VariableFormatter.VariableParser,269,0,24,0,66,0,34,0,22,0
JaCoCo Coverage Report,org.apache.commons.lang.text,StrMatcher.StringMatcher,40,0,6,0,10,0,5,0,2,0
JaCoCo Coverage Report,org.apache.commons.lang.text,StrBuilder.StrBuilderWriter,43,0,0,0,15,0,8,0,8,0
JaCoCo Coverage Report,org.apache.commons.lang.text,StrTokenizer,925,0,88,0,245,0,107,0,63,0
JaCoCo Coverage Report,org.apache.commons.lang.text,VariableFormatter.MapVariableResolver,23,0,2,0,9,0,5,0,4,0
JaCoCo Coverage Report,org.apache.commons.lang.mutable,MutableDouble,147,0,4,0,40,0,25,0,23,0
JaCoCo Coverage Report,org.apache.commons.lang.mutable,MutableShort,148,0,8,0,39,0,26,0,22,0
JaCoCo Coverage Report,org.apache.commons.lang.mutable,MutableByte,148,0,8,0,39,0,26,0,22,0
JaCoCo Coverage Report,org.apache.commons.lang.mutable,MutableFloat,139,0,4,0,39,0,25,0,23,0
JaCoCo Coverage Report,org.apache.commons.lang.mutable,MutableBoolean,82,0,10,0,22,0,16,0,11,0
JaCoCo Coverage Report,org.apache.commons.lang.mutable,MutableObject,59,0,12,0,14,0,13,0,7,0
JaCoCo Coverage Report,org.apache.commons.lang.mutable,MutableLong,148,0,8,0,38,0,25,0,21,0
JaCoCo Coverage Report,org.apache.commons.lang.mutable,MutableInt,139,0,8,0,38,0,25,0,21,0
JaCoCo Coverage Report,org.apache.commons.lang,Entities,3747,0,58,0,130,0,40,0,11,0
JaCoCo Coverage Report,org.apache.commons.lang,Entities.TreeEntityMap,13,0,0,0,4,0,1,0,1,0
JaCoCo Coverage Report,org.apache.commons.lang,NumberRange,222,0,40,0,52,0,30,0,10,0
JaCoCo Coverage Report,org.apache.commons.lang,RandomStringUtils,245,0,48,0,53,0,37,0,13,0
JaCoCo Coverage Report,org.apache.commons.lang,Entities.PrimitiveEntityMap,48,0,2,0,11,0,5,0,4,0
JaCoCo Coverage Report,org.apache.commons.lang,CharRange,225,0,50,0,45,0,37,0,12,0
JaCoCo Coverage Report,org.apache.commons.lang,ClassUtils,805,0,156,0,209,0,101,0,23,0
JaCoCo Coverage Report,org.apache.commons.lang,NullArgumentException,15,0,2,0,2,0,2,0,1,0
JaCoCo Coverage Report,org.apache.commons.lang,NotImplementedException,150,0,12,0,36,0,24,0,18,0
JaCoCo Coverage Report,org.apache.commons.lang,CharUtils,321,0,76,0,62,0,62,0,24,0
JaCoCo Coverage Report,org.apache.commons.lang,ObjectUtils.Null,5,0,0,0,3,0,2,0,2,0
JaCoCo Coverage Report,org.apache.commons.lang,BitField,150,0,14,0,27,0,25,0,18,0
JaCoCo Coverage Report,org.apache.commons.lang,Validate,318,0,70,0,82,0,57,0,22,0
JaCoCo Coverage Report,org.apache.commons.lang,UnhandledException,9,0,0,0,4,0,2,0,2,0
JaCoCo Coverage Report,org.apache.commons.lang,Entities.HashEntityMap,13,0,0,0,4,0,1,0,1,0
JaCoCo Coverage Report,org.apache.commons.lang,CharSet,285,0,30,0,61,0,25,0,10,0
JaCoCo Coverage Report,org.apache.commons.lang,CharSetUtils,314,0,62,0,84,0,43,0,12,0
JaCoCo Coverage Report,org.apache.commons.lang,Entities.LookupEntityMap,48,0,6,0,12,0,7,0,4,0
JaCoCo Coverage Report,org.apache.commons.lang,IncompleteArgumentException,33,0,2,0,6,0,4,0,3,0
JaCoCo Coverage Report,org.apache.commons.lang,CharEncoding,19,0,2,0,8,0,3,0,2,0
JaCoCo Coverage Report,org.apache.commons.lang,WordUtils,460,0,86,0,118,0,56,0,13,0
JaCoCo Coverage Report,org.apache.commons.lang,NumberUtils,788,0,216,0,191,0,128,0,19,0
JaCoCo Coverage Report,org.apache.commons.lang,StringUtils,3428,0,785,0,891,0,527,0,134,0
JaCoCo Coverage Report,org.apache.commons.lang,IntHashMap.Entry,15,0,0,0,6,0,1,0,1,0
JaCoCo Coverage Report,org.apache.commons.lang,Entities.BinaryEntityMap,126,0,10,0,31,0,10,0,5,0
JaCoCo Coverage Report,org.apache.commons.lang,ArrayUtils,3723,0,800,0,949,0,576,0,176,0
JaCoCo Coverage Report,org.apache.commons.lang,Entities.MapIntMap,44,0,2,0,9,0,5,0,4,0
JaCoCo Coverage Report,org.apache.commons.lang,SystemUtils,450,0,54,0,117,0,44,0,17,0
JaCoCo Coverage Report,org.apache.commons.lang,Entities.ArrayEntityMap,149,0,10,0,33,0,11,0,6,0
JaCoCo Coverage Report,org.apache.commons.lang,StringEscapeUtils,511,0,84,0,175,0,70,0,21,0
JaCoCo Coverage Report,org.apache.commons.lang,ObjectUtils,81,0,20,0,23,0,19,0,9,0
JaCoCo Coverage Report,org.apache.commons.lang,SerializationUtils,100,0,10,0,35,0,11,0,6,0
JaCoCo Coverage Report,org.apache.commons.lang,LocaleUtils,372,0,64,0,79,0,42,0,10,0
JaCoCo Coverage Report,org.apache.commons.lang,IllegalClassException,50,0,4,0,11,0,6,0,4,0
JaCoCo Coverage Report,org.apache.commons.lang,BooleanUtils,646,0,208,0,169,0,140,0,35,0
JaCoCo Coverage Report,org.apache.commons.lang,IntHashMap,382,0,42,0,89,0,34,0,13,0
JaCoCo Coverage Report,org.apache.commons.lang,SerializationException,16,0,0,0,8,0,4,0,4,0
