GROUP,PACKAGE,CLASS,INSTRUCTION_MISSED,INSTRUCTION_COVERED,BRANCH_MISSED,BRANCH_COVERED,LINE_MISSED,LINE_COVERED,COMPLEXITY_MISSED,COMPLEXITY_COVERED,METHOD_MISSED,METHOD_COVERED
JaCoCo Coverage Report,org.apache.commons.lang.enums,EnumUtils,22,0,0,0,7,0,6,0,6,0
JaCoCo Coverage Report,org.apache.commons.lang.enums,Enum.Entry,24,0,0,0,6,0,1,0,1,0
JaCoCo Coverage Report,org.apache.commons.lang.enums,ValuedEnum,142,0,14,0,33,0,13,0,6,0
JaCoCo Coverage Report,org.apache.commons.lang.enums,Enum,403,0,54,0,101,0,44,0,17,0
JaCoCo Coverage Report,org.apache.commons.lang.builder,HashCodeBuilder.new ThreadLocal() {...},7,0,0,0,2,0,2,0,2,0
JaCoCo Coverage Report,org.apache.commons.lang.builder,ToStringStyle.NoFieldNameToStringStyle,8,0,0,0,4,0,2,0,2,0
JaCoCo Coverage Report,org.apache.commons.lang.builder,ToStringBuilder,587,0,12,0,131,0,69,0,63,0
JaCoCo Coverage Report,org.apache.commons.lang.builder,StandardToStringStyle,150,0,0,0,65,0,43,0,43,0
JaCoCo Coverage Report,org.apache.commons.lang.builder,EqualsBuilder,914,0,218,0,230,0,138,0,29,0
JaCoCo Coverage Report,org.apache.commons.lang.builder,ToStringStyle.MultiLineToStringStyle,31,0,0,0,7,0,2,0,2,0
JaCoCo Coverage Report,org.apache.commons.lang.builder,HashCodeBuilder,695,0,88,0,145,0,81,0,37,0
JaCoCo Coverage Report,org.apache.commons.lang.builder,ToStringStyle.DefaultToStringStyle,5,0,0,0,3,0,2,0,2,0
JaCoCo Coverage Report,org.apache.commons.lang.builder,ToStringStyle,1702,0,206,0,476,0,218,0,115,0
JaCoCo Coverage Report,org.apache.commons.lang.builder,ToStringStyle.SimpleToStringStyle,20,0,0,0,8,0,2,0,2,0
JaCoCo Coverage Report,org.apache.commons.lang.builder,ReflectionToStringBuilder,378,0,34,0,88,0,46,0,29,0
JaCoCo Coverage Report,org.apache.commons.lang.builder,ToStringStyle.new ThreadLocal() {...},7,0,0,0,2,0,2,0,2,0
JaCoCo Coverage Report,org.apache.commons.lang.builder,ToStringStyle.ShortPrefixToStringStyle,11,0,0,0,5,0,2,0,2,0
JaCoCo Coverage Report,org.apache.commons.lang.builder,CompareToBuilder,1043,0,242,0,254,0,151,0,30,0
JaCoCo Coverage Report,org.apache.commons.lang.math,DoubleRange,455,0,70,0,102,0,56,0,21,0
JaCoCo Coverage Report,org.apache.commons.lang.math,LongRange,432,0,58,0,95,0,51,0,22,0
JaCoCo Coverage Report,org.apache.commons.lang.math,JVMRandom,73,0,8,0,20,0,15,0,11,0
JaCoCo Coverage Report,org.apache.commons.lang.math,NumberRange,297,0,56,0,67,0,36,0,8,0
JaCoCo Coverage Report,org.apache.commons.lang.math,Fraction,1288,0,188,0,278,0,129,0,35,0
JaCoCo Coverage Report,org.apache.commons.lang.math,IntRange,412,0,58,0,95,0,51,0,22,0
JaCoCo Coverage Report,org.apache.commons.lang.math,FloatRange,439,0,70,0,100,0,56,0,21,0
JaCoCo Coverage Report,org.apache.commons.lang.math,NumberUtils,1518,0,356,0,382,0,227,0,48,0
JaCoCo Coverage Report,org.apache.commons.lang.math,IEEE754rUtils,223,0,40,0,57,0,33,0,13,0
JaCoCo Coverage Report,org.apache.commons.lang.math,Range,265,0,48,0,58,0,46,0,22,0
JaCoCo Coverage Report,org.apache.commons.lang.math,RandomUtils,46,0,0,0,14,0,14,0,14,0
JaCoCo Coverage Report,org.apache.commons.lang.exception,NestableRuntimeException,131,0,6,0,35,0,20,0,17,0
JaCoCo Coverage Report,org.apache.commons.lang.exception,NestableError,131,0,6,0,35,0,20,0,17,0
JaCoCo Coverage Report,org.apache.commons.lang.exception,NestableDelegate,419,0,56,0,103,0,42,0,14,0
JaCoCo Coverage Report,org.apache.commons.lang.exception,NestableException,131,0,6,0,35,0,20,0,17,0
JaCoCo Coverage Report,org.apache.commons.lang.exception,ExceptionUtils,938,0,140,0,252,0,106,0,36,0
JaCoCo Coverage Report,org.apache.commons.lang.oldenum,Enum,403,0,54,0,101,0,44,0,17,0
JaCoCo Coverage Report,org.apache.commons.lang.oldenum,Enum.Entry,24,0,0,0,6,0,1,0,1,0
JaCoCo Coverage Report,org.apache.commons.lang.oldenum,EnumUtils,22,0,0,0,7,0,6,0,6,0
JaCoCo Coverage Report,org.apache.commons.lang.oldenum,ValuedEnum,76,0,8,0,18,0,9,0,5,0
JaCoCo Coverage Report,org.apache.commons.lang.time,FastDateFormat.TwoDigitYearField,38,0,0,0,9,0,5,0,5,0
JaCoCo Coverage Report,org.apache.commons.lang.time,DateFormatUtils,152,0,0,0,38,0,18,0,18,0
JaCoCo Coverage Report,org.apache.commons.lang.time,FastDateFormat.Pair,87,0,20,0,16,0,14,0,4,0
JaCoCo Coverage Report,org.apache.commons.lang.time,FastDateFormat.UnpaddedMonthField,49,0,2,0,11,0,6,0,5,0
JaCoCo Coverage Report,org.apache.commons.lang.time,FastDateFormat.TwoDigitMonthField,38,0,0,0,9,0,5,0,5,0
JaCoCo Coverage Report,org.apache.commons.lang.time,FastDateFormat,1137,0,148,0,265,0,127,0,43,0
JaCoCo Coverage Report,org.apache.commons.lang.time,FastDateFormat.TwelveHourField,34,0,2,0,11,0,5,0,4,0
JaCoCo Coverage Report,org.apache.commons.lang.time,FastDateFormat.CharacterLiteral,14,0,0,0,6,0,3,0,3,0
JaCoCo Coverage Report,org.apache.commons.lang.time,FastDateFormat.TimeZoneNameRule,111,0,16,0,25,0,11,0,3,0
JaCoCo Coverage Report,org.apache.commons.lang.time,FastDateFormat.TimeZoneNumberRule,97,0,4,0,20,0,6,0,4,0
JaCoCo Coverage Report,org.apache.commons.lang.time,DateUtils.DateIterator,43,0,2,0,11,0,5,0,4,0
JaCoCo Coverage Report,org.apache.commons.lang.time,FastDateFormat.TimeZoneDisplayKey,61,0,12,0,16,0,9,0,3,0
JaCoCo Coverage Report,org.apache.commons.lang.time,FastDateFormat.StringLiteral,16,0,0,0,6,0,3,0,3,0
JaCoCo Coverage Report,org.apache.commons.lang.time,FastDateFormat.UnpaddedNumberField,61,0,4,0,14,0,7,0,5,0
JaCoCo Coverage Report,org.apache.commons.lang.time,FastDateFormat.PaddedNumberField,98,0,12,0,22,0,10,0,4,0
JaCoCo Coverage Report,org.apache.commons.lang.time,DurationFormatUtils.Token,117,0,16,0,31,0,17,0,9,0
JaCoCo Coverage Report,org.apache.commons.lang.time,DateUtils,1263,0,194,0,266,0,152,0,48,0
JaCoCo Coverage Report,org.apache.commons.lang.time,FastDateFormat.TextField,43,0,4,0,13,0,5,0,3,0
JaCoCo Coverage Report,org.apache.commons.lang.time,DurationFormatUtils,884,0,133,0,221,0,82,0,12,0
JaCoCo Coverage Report,org.apache.commons.lang.time,FastDateFormat.TwentyFourHourField,34,0,2,0,11,0,5,0,4,0
JaCoCo Coverage Report,org.apache.commons.lang.time,FastDateFormat.TwoDigitNumberField,44,0,2,0,11,0,5,0,4,0
JaCoCo Coverage Report,org.apache.commons.lang.time,StopWatch,219,0,30,0,61,0,28,0,13,0
JaCoCo Coverage Report,org.apache.commons.lang.text,DefaultMetaFormatFactory.OrderedNameKeyedMetaFormat,43,0,2,0,9,0,4,0,3,0
JaCoCo Coverage Report,org.apache.commons.lang.text,StrSubstitutor,703,0,68,0,178,0,74,0,40,0
JaCoCo Coverage Report,org.apache.commons.lang.text,MultiFormat,97,0,6,0,28,0,10,0,7,0
JaCoCo Coverage Report,org.apache.commons.lang.text,DateMetaFormatSupport,270,0,26,0,67,0,25,0,12,0
JaCoCo Coverage Report,org.apache.commons.lang.text,MultiFormat.Builder,30,0,0,0,7,0,3,0,3,0
JaCoCo Coverage Report,org.apache.commons.lang.text,MetaFormatSupport,83,0,14,0,21,0,12,0,4,0
JaCoCo Coverage Report,org.apache.commons.lang.text,StrMatcher.NoMatcher,0,5,0,0,0,3,0,2,0,2
JaCoCo Coverage Report,org.apache.commons.lang.text,NumberMetaFormat,189,0,16,0,53,0,16,0,8,0
JaCoCo Coverage Report,org.apache.commons.lang.text,StrMatcher.CharSetMatcher,0,22,0,2,0,5,0,3,0,2
JaCoCo Coverage Report,org.apache.commons.lang.text,StrMatcher,57,82,12,4,12,23,12,12,5,11
JaCoCo Coverage Report,org.apache.commons.lang.text,StrBuilder,48,2982,2,466,8,637,8,358,6,126
JaCoCo Coverage Report,org.apache.commons.lang.text,DateMetaFormat,12,0,0,0,5,0,3,0,3,0
JaCoCo Coverage Report,org.apache.commons.lang.text,StrMatcher.CharMatcher,0,16,0,2,0,4,0,3,0,2
JaCoCo Coverage Report,org.apache.commons.lang.text,NameKeyedMetaFormat,156,0,20,0,39,0,14,0,4,0
JaCoCo Coverage Report,org.apache.commons.lang.text,CompositeFormat,34,0,0,0,9,0,6,0,6,0
JaCoCo Coverage Report,org.apache.commons.lang.text,StrMatcher.TrimMatcher,0,12,0,2,0,3,0,3,0,2
JaCoCo Coverage Report,org.apache.commons.lang.text,ChoiceMetaFormat,39,0,2,0,9,0,5,0,4,0
JaCoCo Coverage Report,org.apache.commons.lang.text,StrBuilder.StrBuilderReader,0,148,1,23,0,30,1,20,0,9
JaCoCo Coverage Report,org.apache.commons.lang.text,ExtendedMessageFormat,79,0,2,0,25,0,12,0,11,0
JaCoCo Coverage Report,org.apache.commons.lang.text,ExtendedMessageFormat.Parser,515,0,67,0,103,0,45,0,9,0
JaCoCo Coverage Report,org.apache.commons.lang.text,StrMatcher.StringMatcher,40,0,6,0,10,0,5,0,2,0
JaCoCo Coverage Report,org.apache.commons.lang.text,TimeMetaFormat,41,0,2,0,14,0,5,0,4,0
JaCoCo Coverage Report,org.apache.commons.lang.text,DefaultMetaFormatFactory,167,0,2,0,13,0,5,0,4,0
JaCoCo Coverage Report,org.apache.commons.lang.text,NameKeyedMetaFormat.Builder,22,0,0,0,5,0,3,0,3,0
JaCoCo Coverage Report,org.apache.commons.lang.text,StrLookup,31,0,0,0,13,0,5,0,5,0
JaCoCo Coverage Report,org.apache.commons.lang.text,StrBuilder.StrBuilderWriter,0,43,0,0,0,15,0,8,0,8
JaCoCo Coverage Report,org.apache.commons.lang.text,StrTokenizer,493,474,49,45,121,129,70,42,35,30
JaCoCo Coverage Report,org.apache.commons.lang.text,StrLookup.MapStrLookup,23,0,4,0,9,0,4,0,2,0
JaCoCo Coverage Report,org.apache.commons.lang.text,StrBuilder.StrBuilderTokenizer,0,35,0,4,0,10,0,5,0,3
JaCoCo Coverage Report,org.apache.commons.lang.mutable,MutableDouble,147,0,4,0,40,0,25,0,23,0
JaCoCo Coverage Report,org.apache.commons.lang.mutable,MutableShort,148,0,8,0,39,0,26,0,22,0
JaCoCo Coverage Report,org.apache.commons.lang.mutable,MutableByte,148,0,8,0,39,0,26,0,22,0
JaCoCo Coverage Report,org.apache.commons.lang.mutable,MutableFloat,139,0,4,0,39,0,25,0,23,0
JaCoCo Coverage Report,org.apache.commons.lang.mutable,MutableBoolean,80,0,10,0,22,0,16,0,11,0
JaCoCo Coverage Report,org.apache.commons.lang.mutable,MutableObject,59,0,12,0,14,0,13,0,7,0
JaCoCo Coverage Report,org.apache.commons.lang.mutable,MutableLong,148,0,8,0,38,0,25,0,21,0
JaCoCo Coverage Report,org.apache.commons.lang.mutable,MutableInt,139,0,8,0,38,0,25,0,21,0
JaCoCo Coverage Report,org.apache.commons.lang,Entities,3626,0,34,0,103,0,30,0,13,0
JaCoCo Coverage Report,org.apache.commons.lang,Entities.TreeEntityMap,13,0,0,0,4,0,1,0,1,0
JaCoCo Coverage Report,org.apache.commons.lang,NumberRange,222,0,40,0,52,0,30,0,10,0
JaCoCo Coverage Report,org.apache.commons.lang,RandomStringUtils,245,0,48,0,53,0,37,0,13,0
JaCoCo Coverage Report,org.apache.commons.lang,Entities.PrimitiveEntityMap,48,0,2,0,11,0,5,0,4,0
JaCoCo Coverage Report,org.apache.commons.lang,CharRange,225,0,50,0,45,0,37,0,12,0
JaCoCo Coverage Report,org.apache.commons.lang,ClassUtils,1005,0,192,0,271,0,130,0,34,0
JaCoCo Coverage Report,org.apache.commons.lang,NullArgumentException,15,0,2,0,2,0,2,0,1,0
JaCoCo Coverage Report,org.apache.commons.lang,NotImplementedException,150,0,12,0,36,0,24,0,18,0
JaCoCo Coverage Report,org.apache.commons.lang,CharUtils,321,0,76,0,62,0,62,0,24,0
JaCoCo Coverage Report,org.apache.commons.lang,ObjectUtils.Null,5,0,0,0,3,0,2,0,2,0
JaCoCo Coverage Report,org.apache.commons.lang,BitField,150,0,14,0,27,0,25,0,18,0
JaCoCo Coverage Report,org.apache.commons.lang,Validate,318,0,70,0,82,0,57,0,22,0
JaCoCo Coverage Report,org.apache.commons.lang,UnhandledException,9,0,0,0,4,0,2,0,2,0
JaCoCo Coverage Report,org.apache.commons.lang,Entities.HashEntityMap,13,0,0,0,4,0,1,0,1,0
JaCoCo Coverage Report,org.apache.commons.lang,CharSet,294,0,32,0,64,0,27,0,11,0
JaCoCo Coverage Report,org.apache.commons.lang,CharSetUtils,314,0,62,0,84,0,43,0,12,0
JaCoCo Coverage Report,org.apache.commons.lang,Entities.LookupEntityMap,48,0,6,0,12,0,7,0,4,0
JaCoCo Coverage Report,org.apache.commons.lang,IncompleteArgumentException,33,0,2,0,6,0,4,0,3,0
JaCoCo Coverage Report,org.apache.commons.lang,CharEncoding,19,0,2,0,8,0,3,0,2,0
JaCoCo Coverage Report,org.apache.commons.lang,WordUtils,544,0,102,0,138,0,65,0,14,0
JaCoCo Coverage Report,org.apache.commons.lang,NumberUtils,786,0,216,0,190,0,128,0,19,0
JaCoCo Coverage Report,org.apache.commons.lang,StringUtils,4367,0,989,0,1110,0,656,0,161,0
JaCoCo Coverage Report,org.apache.commons.lang,IntHashMap.Entry,15,0,0,0,6,0,1,0,1,0
JaCoCo Coverage Report,org.apache.commons.lang,Entities.BinaryEntityMap,126,0,10,0,31,0,10,0,5,0
JaCoCo Coverage Report,org.apache.commons.lang,ArrayUtils,3665,58,800,0,930,19,575,1,175,1
JaCoCo Coverage Report,org.apache.commons.lang,Entities.MapIntMap,44,0,2,0,9,0,5,0,4,0
JaCoCo Coverage Report,org.apache.commons.lang,SystemUtils,117,337,35,19,22,96,36,8,9,8
JaCoCo Coverage Report,org.apache.commons.lang,Entities.ArrayEntityMap,149,0,10,0,33,0,11,0,6,0
JaCoCo Coverage Report,org.apache.commons.lang,StringEscapeUtils,675,0,107,0,221,0,87,0,26,0
JaCoCo Coverage Report,org.apache.commons.lang,ObjectUtils,143,0,38,0,37,0,31,0,12,0
JaCoCo Coverage Report,org.apache.commons.lang,SerializationUtils,100,0,10,0,35,0,11,0,6,0
JaCoCo Coverage Report,org.apache.commons.lang,LocaleUtils,387,0,66,0,81,0,43,0,10,0
JaCoCo Coverage Report,org.apache.commons.lang,IllegalClassException,50,0,4,0,11,0,6,0,4,0
JaCoCo Coverage Report,org.apache.commons.lang,BooleanUtils,662,0,212,0,172,0,144,0,37,0
JaCoCo Coverage Report,org.apache.commons.lang,IntHashMap,382,0,42,0,89,0,34,0,13,0
JaCoCo Coverage Report,org.apache.commons.lang,SerializationException,16,0,0,0,8,0,4,0,4,0
